SyntaxError: Unexpected token } in JSON at position 24	DELETE	/api/goals	undefined	41fe7f75-1051-44ee-8341-1e5afb48fdd8	2023-05-07	07:16:10
SyntaxError: Unexpected token } in JSON at position 24	DELETE	/api/goals	undefined	bb9001dc-f404-4c8b-9dd5-424b350af91f	2023-05-07	07:17:59
SyntaxError: Unexpected token } in JSON at position 24	DELETE	/api/goals	undefined	7a237372-275d-41ac-aff4-969fd47140af	2023-05-07	07:18:31
SyntaxError: Unexpected token } in JSON at position 24	DELETE	/api/goals	undefined	fdbdb81f-74a3-47f5-af39-ba479f4c4493	2023-05-07	07:59:08
SyntaxError: Unexpected token } in JSON at position 24	DELETE	/api/goals	undefined	cf197a3b-364c-4424-9dcc-4d94b85a7e0d	2023-05-07	07:59:33
SyntaxError: Unexpected token } in JSON at position 24	DELETE	/api/goals	undefined	f28ee3a3-7121-4d5a-8219-bf488bce036e	2023-05-07	07:59:35
SyntaxError: Unexpected token } in JSON at position 24	DELETE	/api/goals	undefined	ab8070c6-f5fe-4577-8a93-119470ece7cf	2023-05-07	07:59:37
SyntaxError: Unexpected token } in JSON at position 24	DELETE	/api/goals	undefined	656a6dda-386f-4eb3-a322-11b854a3a1c1	2023-05-07	07:59:38
SyntaxError: Unexpected token } in JSON at position 24	DELETE	/api/goals	undefined	1e3cdc92-52bd-4507-a725-5ea31c6de8f0	2023-05-07	07:59:38
SyntaxError: Unexpected token } in JSON at position 24	DELETE	/api/goals	undefined	3971d9d8-88f5-4416-b0b5-4e28df105a10	2023-05-07	07:59:39
SyntaxError: Unexpected token } in JSON at position 24	DELETE	/api/goals	undefined	2e34851c-94e6-443d-9275-478f5be3b95a	2023-05-07	07:59:44
SyntaxError: Unexpected token } in JSON at position 24	DELETE	/api/goals	undefined	91715cc7-e0c5-442a-819f-4d917e89d2f0	2023-05-07	07:59:45
SyntaxError: Unexpected token } in JSON at position 24	DELETE	/api/goals	undefined	d89c7879-6fac-4ce1-94fd-2a62dad54fb5	2023-05-07	07:59:46
SyntaxError: Unexpected token } in JSON at position 24	DELETE	/api/goals	undefined	e55e9019-87d2-440d-9b08-b73ba9635ee8	2023-05-07	07:59:46
SyntaxError: Unexpected token } in JSON at position 24	DELETE	/api/goals	undefined	4de47ed2-8737-4dda-b85c-f6508298f290	2023-05-07	07:59:47
SyntaxError: Unexpected token } in JSON at position 24	DELETE	/api/goals	undefined	0ad9ab1f-45e6-4d7d-98e3-b5c79bd57f48	2023-05-07	07:59:47
SyntaxError: Unexpected token } in JSON at position 24	DELETE	/api/goals	undefined	5ccf826b-2b7c-46a2-aecf-cb505a01698e	2023-05-07	07:59:48
SyntaxError: Unexpected token } in JSON at position 24	DELETE	/api/goals	undefined	3492f02b-32af-44c9-8589-00881a5b71af	2023-05-07	07:59:59
SyntaxError: Unexpected token } in JSON at position 24	DELETE	/api/goals	undefined	9e052dc1-eeac-4f30-8fa3-52853b2c2aad	2023-05-07	08:00:20
SyntaxError: Unexpected token } in JSON at position 24	DELETE	/api/goals	undefined	6e8775d7-2a41-48e5-8325-5236cc1dac7f	2023-05-07	08:01:47
SyntaxError: Unexpected token } in JSON at position 24	DELETE	/api/goals	undefined	3b223af6-67ab-4857-9121-3eafa3d45dfc	2023-05-07	08:02:05
SyntaxError: Unexpected token } in JSON at position 24	DELETE	/api/goals	undefined	5398578b-12b1-41f4-804a-50b13af07e63	2023-05-07	08:02:07
SyntaxError: Unexpected token } in JSON at position 24	DELETE	/api/goals	undefined	62e9f9a7-ac0b-46ac-b2cb-775cbed46c8c	2023-05-07	08:02:08
SyntaxError: Unexpected token } in JSON at position 24	DELETE	/api/goals	undefined	38751eba-94c0-48c8-91fc-958bc19b8677	2023-05-07	08:02:09
SyntaxError: Unexpected token } in JSON at position 24	DELETE	/api/goals	undefined	d52ce11d-6b5a-4a57-856c-38b24d725540	2023-05-07	08:02:09
SyntaxError: Unexpected token } in JSON at position 24	DELETE	/api/goals	undefined	51359ab4-baba-4094-ab95-f98fef966858	2023-05-07	08:02:10
SyntaxError: Unexpected token } in JSON at position 24	DELETE	/api/goals	undefined	a301ad8b-25f6-474c-87ef-b2a0406698fc	2023-05-07	08:02:10
SyntaxError: Unexpected token } in JSON at position 24	DELETE	/api/goals	undefined	06213ffe-66a1-441d-9df1-9b5ed0470e19	2023-05-07	08:02:11
SyntaxError: Unexpected token } in JSON at position 24	DELETE	/api/goals	undefined	5236909f-4ff7-4714-b6c8-18c4c3ed6378	2023-05-07	08:02:11
SyntaxError: Unexpected token } in JSON at position 24	DELETE	/api/goals	undefined	a34cb251-1f62-473d-998e-b66dcc1fb34a	2023-05-07	08:02:26
SyntaxError: Unexpected token } in JSON at position 24	DELETE	/api/goals	undefined	67903e93-16a1-4656-bbed-441354163faa	2023-05-07	08:02:40
SyntaxError: Unexpected token } in JSON at position 24	DELETE	/api/goals	undefined	b446d783-7211-472c-a18a-7de71f3c199b	2023-05-07	08:03:29
SyntaxError: Unexpected token } in JSON at position 24	DELETE	/api/goals	undefined	85a486ac-3f2b-4233-8c9b-cfbd70826388	2023-05-07	08:04:29
SyntaxError: Unexpected token } in JSON at position 24	DELETE	/api/goals	undefined	820d5bf9-fc98-4bdb-b210-d34d1a9d8b41	2023-05-07	08:04:31
SyntaxError: Unexpected token } in JSON at position 24	DELETE	/api/goals	undefined	102b4ccf-c050-44b6-badd-95df2b889cb2	2023-05-07	08:04:38
SyntaxError: Unexpected token } in JSON at position 24	DELETE	/api/goals	undefined	7c89e571-054f-4169-8b96-b52f6d77d818	2023-05-07	08:04:54
SyntaxError: Unexpected token } in JSON at position 24	DELETE	/api/goals	undefined	d01e0509-5ba9-4efb-b400-a52926600f2d	2023-05-07	08:06:05
SyntaxError: Unexpected token } in JSON at position 24	DELETE	/api/goals	undefined	6b5161fb-4173-4876-b1a5-cbfe573c1491	2023-05-07	08:06:35
SyntaxError: Unexpected token } in JSON at position 24	DELETE	/api/goals	undefined	8cd85021-58df-45ab-bbaf-f751702891cf	2023-05-07	08:06:38
SyntaxError: Unexpected token } in JSON at position 24	DELETE	/api/goals	undefined	8c43dd0c-dfeb-49ed-aef7-d8d26ccec6ea	2023-05-07	08:06:38
SyntaxError: Unexpected token } in JSON at position 24	DELETE	/api/goals	undefined	d57b347d-6a0e-456c-ba68-555e26ded81e	2023-05-07	08:06:39
SyntaxError: Unexpected token } in JSON at position 24	DELETE	/api/goals	undefined	77b37abc-aa06-4501-935c-6b7e47630968	2023-05-07	08:06:40
SyntaxError: Unexpected token } in JSON at position 24	DELETE	/api/goals	undefined	6be45270-441e-4e45-af4e-6c4f47de5e66	2023-05-07	08:06:40
SyntaxError: Unexpected token } in JSON at position 24	DELETE	/api/goals	undefined	3804a8a5-9948-4197-9ab2-f44db531732c	2023-05-07	08:06:41
SyntaxError: Unexpected token } in JSON at position 24	DELETE	/api/goals	undefined	c82c9c15-1b1e-4e2e-8e7c-8dbe7582e883	2023-05-07	08:06:41
SyntaxError: Unexpected token } in JSON at position 24	DELETE	/api/goals	undefined	dcae4f74-7d29-4fec-950a-01a221dd715e	2023-05-07	08:06:42
